[Tue Nov 28 00:27:58.210408 2017] [mpm_event:notice] [pid 16552:tid 140609911191424] AH00489: Apache/2.4.18 (Ubuntu) configured -- resuming normal operations
[Tue Nov 28 00:27:58.210552 2017] [core:notice] [pid 16552:tid 140609911191424] AH00094: Command line: '/usr/sbin/apache2'
[Tue Nov 28 01:00:22.579150 2017] [mpm_event:notice] [pid 16552:tid 140609911191424] AH00493: SIGUSR1 received.  Doing graceful restart
AH00112: Warning: DocumentRoot [/var/lib/letsencrypt/tls_sni_01_page/] does not exist
[Tue Nov 28 01:00:22.596118 2017] [ssl:warn] [pid 16552:tid 140609911191424] AH01906: 7df87d6b4aa15d614d8922c5763ad056.3a487837a5bab13387c9ec4287f76899.acme.invalid:443:0 server certificate is a CA certificate (BasicConstraints: CA == TRUE !?)
[Tue Nov 28 01:00:22.596266 2017] [mpm_event:notice] [pid 16552:tid 140609911191424] AH00489: Apache/2.4.18 (Ubuntu) OpenSSL/1.0.2g configured -- resuming normal operations
[Tue Nov 28 01:00:22.596274 2017] [core:notice] [pid 16552:tid 140609911191424] AH00094: Command line: '/usr/sbin/apache2'
[Tue Nov 28 01:00:29.507984 2017] [mpm_event:notice] [pid 16552:tid 140609911191424] AH00493: SIGUSR1 received.  Doing graceful restart
[Tue Nov 28 01:00:29.519276 2017] [mpm_event:notice] [pid 16552:tid 140609911191424] AH00489: Apache/2.4.18 (Ubuntu) configured -- resuming normal operations
[Tue Nov 28 01:00:29.519302 2017] [core:notice] [pid 16552:tid 140609911191424] AH00094: Command line: '/usr/sbin/apache2'
[Tue Nov 28 01:00:31.558829 2017] [mpm_event:notice] [pid 16552:tid 140609911191424] AH00493: SIGUSR1 received.  Doing graceful restart
[Tue Nov 28 01:00:31.569774 2017] [mpm_event:notice] [pid 16552:tid 140609911191424] AH00489: Apache/2.4.18 (Ubuntu) OpenSSL/1.0.2g configured -- resuming normal operations
[Tue Nov 28 01:00:31.569786 2017] [core:notice] [pid 16552:tid 140609911191424] AH00094: Command line: '/usr/sbin/apache2'
[Tue Nov 28 01:00:55.041019 2017] [mpm_event:notice] [pid 16552:tid 140609911191424] AH00493: SIGUSR1 received.  Doing graceful restart
[Tue Nov 28 01:00:55.074219 2017] [mpm_event:notice] [pid 16552:tid 140609911191424] AH00489: Apache/2.4.18 (Ubuntu) OpenSSL/1.0.2g configured -- resuming normal operations
[Tue Nov 28 01:00:55.074248 2017] [core:notice] [pid 16552:tid 140609911191424] AH00094: Command line: '/usr/sbin/apache2'
[Tue Nov 28 02:31:46.638694 2017] [mpm_event:notice] [pid 16552:tid 140609911191424] AH00491: caught SIGTERM, shutting down
[Tue Nov 28 02:31:46.815950 2017] [mpm_event:notice] [pid 24744:tid 140335781885824] AH00489: Apache/2.4.18 (Ubuntu) mod_jk/1.2.41 OpenSSL/1.0.2g configured -- resuming normal operations
[Tue Nov 28 02:31:46.816051 2017] [core:notice] [pid 24744:tid 140335781885824] AH00094: Command line: '/usr/sbin/apache2'
[Tue Nov 28 02:37:30.323601 2017] [mpm_event:notice] [pid 24744:tid 140335781885824] AH00491: caught SIGTERM, shutting down
[Tue Nov 28 02:37:31.181309 2017] [mpm_event:notice] [pid 24936:tid 140305229444992] AH00489: Apache/2.4.18 (Ubuntu) mod_jk/1.2.41 OpenSSL/1.0.2g configured -- resuming normal operations
[Tue Nov 28 02:37:31.181401 2017] [core:notice] [pid 24936:tid 140305229444992] AH00094: Command line: '/usr/sbin/apache2'
[Tue Nov 28 03:11:04.336776 2017] [mpm_event:notice] [pid 24936:tid 140305229444992] AH00493: SIGUSR1 received.  Doing graceful restart
AH00112: Warning: DocumentRoot [/var/lib/letsencrypt/tls_sni_01_page/] does not exist
[Tue Nov 28 03:11:04.369432 2017] [ssl:warn] [pid 24936:tid 140305229444992] AH01906: f1af4ea99db4b8d2fd265673c8a64cfd.d4eb4eaf48f3def243e76857cc5b70b6.acme.invalid:443:0 server certificate is a CA certificate (BasicConstraints: CA == TRUE !?)
[Tue Nov 28 03:11:04.370550 2017] [mpm_event:notice] [pid 24936:tid 140305229444992] AH00489: Apache/2.4.18 (Ubuntu) mod_jk/1.2.41 OpenSSL/1.0.2g configured -- resuming normal operations
[Tue Nov 28 03:11:04.370567 2017] [core:notice] [pid 24936:tid 140305229444992] AH00094: Command line: '/usr/sbin/apache2'
[Tue Nov 28 03:11:11.393212 2017] [mpm_event:notice] [pid 24936:tid 140305229444992] AH00493: SIGUSR1 received.  Doing graceful restart
[Tue Nov 28 03:11:11.427748 2017] [mpm_event:notice] [pid 24936:tid 140305229444992] AH00489: Apache/2.4.18 (Ubuntu) mod_jk/1.2.41 OpenSSL/1.0.2g configured -- resuming normal operations
[Tue Nov 28 03:11:11.427768 2017] [core:notice] [pid 24936:tid 140305229444992] AH00094: Command line: '/usr/sbin/apache2'
[Tue Nov 28 03:12:09.731412 2017] [mpm_event:notice] [pid 24936:tid 140305229444992] AH00493: SIGUSR1 received.  Doing graceful restart
[Tue Nov 28 03:12:09.748040 2017] [mpm_event:notice] [pid 24936:tid 140305229444992] AH00489: Apache/2.4.18 (Ubuntu) mod_jk/1.2.41 OpenSSL/1.0.2g configured -- resuming normal operations
[Tue Nov 28 03:12:09.748056 2017] [core:notice] [pid 24936:tid 140305229444992] AH00094: Command line: '/usr/sbin/apache2'
[Tue Nov 28 03:12:21.383585 2017] [mpm_event:notice] [pid 24936:tid 140305229444992] AH00493: SIGUSR1 received.  Doing graceful restart
[Tue Nov 28 03:12:21.428183 2017] [mpm_event:notice] [pid 24936:tid 140305229444992] AH00489: Apache/2.4.18 (Ubuntu) mod_jk/1.2.41 OpenSSL/1.0.2g configured -- resuming normal operations
[Tue Nov 28 03:12:21.428212 2017] [core:notice] [pid 24936:tid 140305229444992] AH00094: Command line: '/usr/sbin/apache2'
[Tue Nov 28 03:13:19.294818 2017] [ssl:error] [pid 26035:tid 140304879372032] [client 2600:c02:1020:4202::ac10:8265:59664] AH02042: rejecting client initiated renegotiation
[Tue Nov 28 03:14:46.585040 2017] [ssl:error] [pid 26035:tid 140304980084480] [client 64.41.200.101:56630] AH02042: rejecting client initiated renegotiation
